This is pdfTeX, Version 3.14159265-2.6-1.40.21 (TeX Live 2020/MacPorts 2020.54632_2) (preloaded format=pdflatex 2020.10.26)  29 MAR 2021 13:21
entering extended mode
 restricted \write18 enabled.
 %&-line parsing enabled.
**q
(/opt/local/share/texmf-texlive/tex/latex/tools/q.tex
LaTeX2e <2020-02-02> patch level 5
L3 programming layer <2020-03-06> File ignored
)
! Emergency stop.
<*> q
     
*** (job aborted, no legal \end found)

 
Here is how much of TeX's memory you used:
 17 strings out of 482556
 519 string characters out of 5952074
 234614 words of memory out of 5000000
 15757 multiletter control sequences out of 15000+600000
 532338 words of font info for 24 fonts, out of 8000000 for 9000
 14 hyphenation exceptions out of 8191
 12i,0n,15p,81b,8s stack positions out of 5000i,500n,10000p,200000b,80000s
!  ==> Fatal error occurred, no output PDF file produced!
